Build started 08/05/2015 15:20:43.
     1>Project "C:\Users\Ryan\Documents\University\Second Year (2nd)\Second Term\Games Programming\Coursework\Project\Wacka (old)\game\game\game.vcxproj" on node 2 (Build target(s)).
     1>ClCompile:
         C:\Program Files (x86)\Microsoft Visual Studio 12.0\VC\bin\CL.exe /c /ZI /nologo /W3 /WX- /sdl /Od /Oy- /D _MBCS /Gm /EHsc /RTC1 /MDd /GS /fp:precise /Zc:wchar_t /Zc:forScope /Fo"Debug\\" /Fd"Debug\vc120.pdb" /Gd /TP /analyze- /errorReport:prompt asteroidsGame.cpp cAsteroid.cpp cBkGround.cpp cBullet.cpp cFont.cpp cFontMgr.cpp cInputMgr.cpp cRocket.cpp cSound.cpp cSoundMgr.cpp cSprite.cpp cTexture.cpp cWNDManager.cpp main.cpp windowOGL.cpp
         windowOGL.cpp
         main.cpp
     1>c:\users\ryan\documents\university\second year (2nd)\second term\games programming\coursework\project\wacka (old)\game\game\main.cpp(146): warning C4101: 'scorelife' : unreferenced local variable
         cWNDManager.cpp
         cTexture.cpp
         cSprite.cpp
     1>c:\users\ryan\documents\university\second year (2nd)\second term\games programming\coursework\project\wacka (old)\game\game\csprite.cpp(106): warning C4244: '=' : conversion from 'int' to 'float', possible loss of data
     1>c:\users\ryan\documents\university\second year (2nd)\second term\games programming\coursework\project\wacka (old)\game\game\csprite.cpp(107): warning C4244: '=' : conversion from 'int' to 'float', possible loss of data
     1>c:\users\ryan\documents\university\second year (2nd)\second term\games programming\coursework\project\wacka (old)\game\game\csprite.cpp(180): warning C4244: 'argument' : conversion from 'int' to 'GLfloat', possible loss of data
     1>c:\users\ryan\documents\university\second year (2nd)\second term\games programming\coursework\project\wacka (old)\game\game\csprite.cpp(182): warning C4244: 'argument' : conversion from 'int' to 'GLfloat', possible loss of data
     1>c:\users\ryan\documents\university\second year (2nd)\second term\games programming\coursework\project\wacka (old)\game\game\csprite.cpp(184): warning C4244: 'argument' : conversion from 'int' to 'GLfloat', possible loss of data
     1>c:\users\ryan\documents\university\second year (2nd)\second term\games programming\coursework\project\wacka (old)\game\game\csprite.cpp(206): warning C4244: '=' : conversion from 'int' to 'float', possible loss of data
     1>c:\users\ryan\documents\university\second year (2nd)\second term\games programming\coursework\project\wacka (old)\game\game\csprite.cpp(241): warning C4244: '=' : conversion from 'float' to 'LONG', possible loss of data
     1>c:\users\ryan\documents\university\second year (2nd)\second term\games programming\coursework\project\wacka (old)\game\game\csprite.cpp(242): warning C4244: '=' : conversion from 'float' to 'LONG', possible loss of data
     1>c:\users\ryan\documents\university\second year (2nd)\second term\games programming\coursework\project\wacka (old)\game\game\csprite.cpp(243): warning C4244: '=' : conversion from 'float' to 'LONG', possible loss of data
     1>c:\users\ryan\documents\university\second year (2nd)\second term\games programming\coursework\project\wacka (old)\game\game\csprite.cpp(244): warning C4244: '=' : conversion from 'float' to 'LONG', possible loss of data
     1>c:\users\ryan\documents\university\second year (2nd)\second term\games programming\coursework\project\wacka (old)\game\game\csprite.cpp(301): warning C4244: 'argument' : conversion from 'LONG' to 'GLfloat', possible loss of data
     1>c:\users\ryan\documents\university\second year (2nd)\second term\games programming\coursework\project\wacka (old)\game\game\csprite.cpp(313): warning C4244: 'argument' : conversion from 'int' to 'GLfloat', possible loss of data
     1>c:\users\ryan\documents\university\second year (2nd)\second term\games programming\coursework\project\wacka (old)\game\game\csprite.cpp(314): warning C4244: 'argument' : conversion from 'int' to 'GLfloat', possible loss of data
     1>c:\users\ryan\documents\university\second year (2nd)\second term\games programming\coursework\project\wacka (old)\game\game\csprite.cpp(315): warning C4244: 'argument' : conversion from 'int' to 'GLfloat', possible loss of data
         cSoundMgr.cpp
         cSound.cpp
         cRocket.cpp
     1>c:\users\ryan\documents\university\second year (2nd)\second term\games programming\coursework\project\wacka (old)\game\game\crocket.cpp(24): warning C4244: 'argument' : conversion from 'int' to 'GLfloat', possible loss of data
     1>c:\users\ryan\documents\university\second year (2nd)\second term\games programming\coursework\project\wacka (old)\game\game\crocket.cpp(26): warning C4244: 'argument' : conversion from 'int' to 'GLfloat', possible loss of data
     1>c:\users\ryan\documents\university\second year (2nd)\second term\games programming\coursework\project\wacka (old)\game\game\crocket.cpp(28): warning C4244: 'argument' : conversion from 'int' to 'GLfloat', possible loss of data
     1>c:\users\ryan\documents\university\second year (2nd)\second term\games programming\coursework\project\wacka (old)\game\game\crocket.cpp(30): warning C4244: 'argument' : conversion from 'int' to 'GLfloat', possible loss of data
         cInputMgr.cpp
         cFontMgr.cpp
         cFont.cpp
         cBullet.cpp
     1>c:\users\ryan\documents\university\second year (2nd)\second term\games programming\coursework\project\wacka (old)\game\game\cbullet.cpp(23): warning C4244: 'argument' : conversion from 'int' to 'GLfloat', possible loss of data
     1>c:\users\ryan\documents\university\second year (2nd)\second term\games programming\coursework\project\wacka (old)\game\game\cbullet.cpp(25): warning C4244: 'argument' : conversion from 'int' to 'GLfloat', possible loss of data
     1>c:\users\ryan\documents\university\second year (2nd)\second term\games programming\coursework\project\wacka (old)\game\game\cbullet.cpp(27): warning C4244: 'argument' : conversion from 'int' to 'GLfloat', possible loss of data
     1>c:\users\ryan\documents\university\second year (2nd)\second term\games programming\coursework\project\wacka (old)\game\game\cbullet.cpp(29): warning C4244: 'argument' : conversion from 'int' to 'GLfloat', possible loss of data
     1>c:\users\ryan\documents\university\second year (2nd)\second term\games programming\coursework\project\wacka (old)\game\game\cbullet.cpp(91): warning C4244: 'argument' : conversion from 'LONG' to 'GLfloat', possible loss of data
     1>c:\users\ryan\documents\university\second year (2nd)\second term\games programming\coursework\project\wacka (old)\game\game\cbullet.cpp(102): warning C4244: 'argument' : conversion from 'LONG' to 'GLfloat', possible loss of data
     1>c:\users\ryan\documents\university\second year (2nd)\second term\games programming\coursework\project\wacka (old)\game\game\cbullet.cpp(103): warning C4244: 'argument' : conversion from 'LONG' to 'GLfloat', possible loss of data
     1>c:\users\ryan\documents\university\second year (2nd)\second term\games programming\coursework\project\wacka (old)\game\game\cbullet.cpp(104): warning C4244: 'argument' : conversion from 'LONG' to 'GLfloat', possible loss of data
     1>c:\users\ryan\documents\university\second year (2nd)\second term\games programming\coursework\project\wacka (old)\game\game\cbullet.cpp(105): warning C4244: 'argument' : conversion from 'LONG' to 'GLfloat', possible loss of data
         cBkGround.cpp
         cAsteroid.cpp
     1>c:\users\ryan\documents\university\second year (2nd)\second term\games programming\coursework\project\wacka (old)\game\game\casteroid.cpp(25): warning C4244: 'argument' : conversion from 'int' to 'GLfloat', possible loss of data
     1>c:\users\ryan\documents\university\second year (2nd)\second term\games programming\coursework\project\wacka (old)\game\game\casteroid.cpp(27): warning C4244: 'argument' : conversion from 'int' to 'GLfloat', possible loss of data
     1>c:\users\ryan\documents\university\second year (2nd)\second term\games programming\coursework\project\wacka (old)\game\game\casteroid.cpp(29): warning C4244: 'argument' : conversion from 'int' to 'GLfloat', possible loss of data
     1>c:\users\ryan\documents\university\second year (2nd)\second term\games programming\coursework\project\wacka (old)\game\game\casteroid.cpp(31): warning C4244: 'argument' : conversion from 'int' to 'GLfloat', possible loss of data
     1>c:\users\ryan\documents\university\second year (2nd)\second term\games programming\coursework\project\wacka (old)\game\game\casteroid.cpp(116): warning C4244: 'argument' : conversion from 'LONG' to 'GLfloat', possible loss of data
     1>c:\users\ryan\documents\university\second year (2nd)\second term\games programming\coursework\project\wacka (old)\game\game\casteroid.cpp(127): warning C4244: 'argument' : conversion from 'LONG' to 'GLfloat', possible loss of data
     1>c:\users\ryan\documents\university\second year (2nd)\second term\games programming\coursework\project\wacka (old)\game\game\casteroid.cpp(128): warning C4244: 'argument' : conversion from 'LONG' to 'GLfloat', possible loss of data
     1>c:\users\ryan\documents\university\second year (2nd)\second term\games programming\coursework\project\wacka (old)\game\game\casteroid.cpp(129): warning C4244: 'argument' : conversion from 'LONG' to 'GLfloat', possible loss of data
     1>c:\users\ryan\documents\university\second year (2nd)\second term\games programming\coursework\project\wacka (old)\game\game\casteroid.cpp(130): warning C4244: 'argument' : conversion from 'LONG' to 'GLfloat', possible loss of data
         asteroidsGame.cpp
         Generating Code...
     1>c:\users\ryan\documents\university\second year (2nd)\second term\games programming\coursework\project\wacka (old)\game\game\crocket.cpp(202): warning C4715: 'cRocket::endGame' : not all control paths return a value
       Link:
         C:\Program Files (x86)\Microsoft Visual Studio 12.0\VC\bin\link.exe /ERRORREPORT:PROMPT /OUT:"C:\Users\Ryan\Documents\University\Second Year (2nd)\Second Term\Games Programming\Coursework\Project\Wacka (old)\game\Debug\game.exe" /INCREMENTAL /NOLOGO kernel32.lib user32.lib gdi32.lib winspool.lib comdlg32.lib advapi32.lib shell32.lib ole32.lib oleaut32.lib uuid.lib odbc32.lib odbccp32.lib /MANIFEST /MANIFESTUAC:"level='asInvoker' uiAccess='false'" /manifest:embed /DEBUG /PDB:"C:\Users\Ryan\Documents\University\Second Year (2nd)\Second Term\Games Programming\Coursework\Project\Wacka (old)\game\Debug\game.pdb" /TLBID:1 /DYNAMICBASE /NXCOMPAT /IMPLIB:"C:\Users\Ryan\Documents\University\Second Year (2nd)\Second Term\Games Programming\Coursework\Project\Wacka (old)\game\Debug\game.lib" /MACHINE:X86 Debug\asteroidsGame.obj
         Debug\cAsteroid.obj
         Debug\cBkGround.obj
         Debug\cBullet.obj
         Debug\cFont.obj
         Debug\cFontMgr.obj
         Debug\cInputMgr.obj
         Debug\cRocket.obj
         Debug\cSound.obj
         Debug\cSoundMgr.obj
         Debug\cSprite.obj
         Debug\cTexture.obj
         Debug\cWNDManager.obj
         Debug\main.obj
         Debug\windowOGL.obj
         Libraries\alut.lib
         Libraries\DevIL.lib
         Libraries\freeglut.lib
         Libraries\ftgl.lib
         Libraries\ILU.lib
         Libraries\ILUT.lib
         Libraries\OpenAL32.lib
         LINK : C:\Users\Ryan\Documents\University\Second Year (2nd)\Second Term\Games Programming\Coursework\Project\Wacka (old)\game\Debug\game.exe not found or not built by the last incremental link; performing full link
         game.vcxproj -> C:\Users\Ryan\Documents\University\Second Year (2nd)\Second Term\Games Programming\Coursework\Project\Wacka (old)\game\Debug\game.exe
     1>Done Building Project "C:\Users\Ryan\Documents\University\Second Year (2nd)\Second Term\Games Programming\Coursework\Project\Wacka (old)\game\game\game.vcxproj" (Build target(s)).

Build succeeded.

Time Elapsed 00:00:07.93
